<?xml version="1.0" encoding="UTF-8"?>
<!-- Generated by org.testng.reporters.JUnitReportReporter -->
<testsuite skipped="0" hostname="DESKTOP-S8UUUM9" name="Action.ExcelDataDriven" tests="1" failures="0" timestamp="2020-06-01T15:29:28 EDT" time="14.572" errors="0">
  <testcase name="excelReader" time="14.572" classname="Action.ExcelDataDriven"/>
  <system-out/>
</testsuite> <!-- Action.ExcelDataDriven -->
