<?xml version="1.0" encoding="UTF-8"?>
<!-- Generated by org.testng.reporters.JUnitReportReporter -->
<testsuite skipped="0" hostname="DESKTOP-S8UUUM9" name="ExcelData.ExcelDataDriven" tests="1" failures="0" timestamp="2020-06-23T16:00:12 EDT" time="16.912" errors="0">
  <testcase name="excelReader" time="16.912" classname="ExcelData.ExcelDataDriven"/>
  <system-out/>
</testsuite> <!-- ExcelData.ExcelDataDriven -->
